<?xml version="1.0" encoding="UTF-8"?>
<testsuite xmlns:xsi="http://www.w3.org/2001/XMLSchema-instance" xsi:noNamespaceSchemaLocation="https://maven.apache.org/surefire/maven-surefire-plugin/xsd/surefire-test-report-3.0.xsd" version="3.0" name="com.example.MenuAccessIntegrationTest" time="0.506" tests="1" errors="0" skipped="0" failures="0">
  <properties>
[...]
</properties>
  <testcase name="testGetMenuAccess" classname="com.example.MenuAccessIntegrationTest" time="0.203">
    <system-out><![CDATA[Response Status Code: 200 OK
Response Login: {"token":"eyJ0eXAiOiJKV1QiLCJhbGciOiJIUzI1NiJ9.eyJzdWIiOiJBZG1pblRlc3QxIiwiZXhwIjoxNzI0ODcyOTU0LCJpYXQiOjE3MjQ4MzY5NTR9.m8XJ19q_uUHrZxKoF-NRZGt_VNtV0JQlkS4MbJ1_R-0","responseDTO":{"message":"SUCCESS","status":"OK"}}
Response Status Code: 200 OK
Response Menu Access: {"classListAccess":["masters_component","masters_abnormality","masters_product","masters_user","dashboard","settings","logs","pah"],"status":{"message":"SUCCESS","status":"OK"}}
]]></system-out>
  </testcase>
</testsuite>