<?xml version="1.0" encoding="UTF-8"?>
<testsuite xmlns:xsi="http://www.w3.org/2001/XMLSchema-instance" xsi:noNamespaceSchemaLocation="https://maven.apache.org/surefire/maven-surefire-plugin/xsd/surefire-test-report-3.0.xsd" version="3.0" name="com.example.ListUserIntegrationTest" time="0.628" tests="1" errors="0" skipped="0" failures="0">
  <properties>
[...]
</properties>
  <testcase name="testListUsers" classname="com.example.ListUserIntegrationTest" time="0.413">
    <system-out><![CDATA[Response Status Code: 200 OK
Response Login: {"token":"eyJ0eXAiOiJKV1QiLCJhbGciOiJIUzI1NiJ9.eyJzdWIiOiJBZG1pblRlc3QxIiwiZXhwIjoxNzI0ODcyOTUzLCJpYXQiOjE3MjQ4MzY5NTN9.hufvLkuZ6xY_ty6klssQJZKmzxATETx0Zk30IWbV3JA","responseDTO":{"message":"SUCCESS","status":"OK"}}
Response Status Code: 200 OK
Response List User: {"data":[{"id":33,"username":"DeswintaEka","email":"deswintasusanto@gmail.com","roles":["ADMIN"],"isActive":false},{"id":1,"username":"ilyash","email":"ilyashabiburrahman@gmail.com","divisionId":1,"roles":[],"isActive":true,"divisionName":"divisi test"},{"id":6,"username":"test","email":"test@gmail.com","divisionId":1,"roles":[],"isActive":true,"divisionName":"divisi test"},{"id":50,"username":"Roletest1","email":"testt@gmail.com","jabatan":"MANAGER","divisionId":1,"roles":["ADMIN","PURCHASING","SUPPLIER","QUALITY"],"isActive":true,"divisionName":"divisi test"},{"id":55,"username":"Integrate1","email":"testt@gmail.com","jabatan":"MANAGER","divisionId":2,"roles":["ADMIN"],"isActive":true,"divisionName":"division1 edited1"},{"id":34,"username":"DeswintaEka","email":"deswintasusanto@gmail.com","roles":["ADMIN"],"isActive":true},{"id":35,"username":"DeswintaEka","email":"deswintasusanto@gmail.com","roles":["ADMIN"],"isActive":true},{"id":51,"username":"Forbidd","email":"forbidd@gmail.com","jabatan":"STAFF","divisionId":1,"roles":["QUALITY"],"isActive":true,"divisionName":"divisi test"},{"id":36,"username":"DeswintaEka","email":"deswintasusanto@gmail.com","roles":["ADMIN"],"isActive":true},{"id":52,"username":"ilyash2","email":"ilyashabiburrahman@gmail.com","jabatan":"GENERAL MANAGER","divisionId":1,"roles":["ADMIN"],"isActive":true,"divisionName":"divisi test"},{"id":5,"username":"rianokik","email":"ilyashabiburrahman@gmail.com","divisionId":1,"roles":["ADMIN"],"isActive":true,"divisionName":"divisi test"},{"id":37,"username":"DeswintaEka","email":"deswintasusanto@gmail.com","roles":["ADMIN"],"isActive":true},{"id":53,"username":"PurchasingTest2","email":"test@gmail.com","jabatan":"STAFF","divisionId":1,"roles":["PURCHASING"],"isActive":true,"divisionName":"divisi test"},{"id":54,"username":"Testtttttt","email":"testt@gmail.com","jabatan":"MANAGER","divisionId":2,"roles":["ADMIN"],"isActive":true,"divisionName":"division1 edited1"},{"id":56,"username":"Integrate2","email":"testt@gmail.com","jabatan":"MANAGER","divisionId":2,"roles":["ADMIN"],"isActive":true,"divisionName":"division1 edited1"},{"id":57,"username":"Integrate3","email":"testt@gmail.com","jabatan":"MANAGER","divisionId":2,"roles":["ADMIN"],"isActive":true,"divisionName":"division1 edited1"},{"id":24,"username":"abc","email":"abc@gmail.com","divisionId":1,"roles":[],"isActive":true,"divisionName":"divisi test"},{"id":41,"username":"SupplierTest1","email":"suppliertest1@gmail.com","roles":["SUPPLIER"],"isActive":true},{"id":7,"username":"test","email":"test@gmail.com","jabatan":"GENERAL MANAGER","divisionId":1,"roles":["ADMIN"],"isActive":true,"divisionName":"divisi test"},{"id":21,"username":"testtttt","email":"test1@gmail.com","divisionId":1,"roles":["ADMIN","USER"],"isActive":true,"divisionName":"divisi test"},{"id":20,"username":"testtttt","email":"test1@gmail.com","divisionId":1,"roles":["ADMIN","USER"],"isActive":false,"divisionName":"divisi test"},{"id":8,"username":"ilyash","email":"test@gmail.com","divisionId":1,"roles":["ADMIN","USER"],"isActive":false,"divisionName":"divisi test"},{"id":26,"username":"abc","email":"abc@gmail.com","roles":[],"isActive":true},{"id":11,"username":"testing","email":"test@gmail.com","divisionId":1,"roles":["ADMIN","USER","EDITOR"],"isActive":false,"divisionName":"divisi test"},{"id":22,"username":"sekian","email":"sekian@gmail.com","jabatan":"SUPERVISOR","divisionId":1,"roles":["ADMIN","USER","EDITOR","PURCHASING"],"isActive":false,"divisionName":"divisi test"},{"id":9,"username":"testt","email":"testt@gmail.com","divisionId":1,"roles":["ADMIN","USER","EDITOR"],"isActive":false,"divisionName":"divisi test"},{"id":28,"username":"DeswintaEka","email":"deswintasusanto@gmail.com","roles":["ADMIN"],"isActive":true},{"id":29,"username":"testilyasmalam","email":"testilyasmalam@gmail.com","roles":["ADMIN","PURCHASING","QUALITY"],"isActive":true},{"id":31,"username":"DeswintaEka","email":"deswintasusanto@gmail.com","roles":["ADMIN"],"isActive":true},{"id":32,"username":"DeswintaEka","email":"deswintasusanto@gmail.com","roles":["ADMIN"],"isActive":true},{"id":25,"username":"abc","email":"abc@gmail.com","jabatan":"GENERAL MANAGER","divisionId":1,"roles":["ADMIN","PURCHASING","QUALITY"],"isActive":false,"divisionName":"divisi test"},{"id":30,"username":"Deswinta2","email":"Deswinta2@gmail.com","roles":["ADMIN"],"isActive":false},{"id":27,"username":"DeswintaTest1","email":"deswintatest1@gmail.com","jabatan":"MANAGER","divisionId":1,"roles":["ADMIN","PURCHASING"],"isActive":false,"divisionName":"divisi test"},{"id":40,"username":"QualityTest1","email":"qualitytest1@gmail.com","roles":["QUALITY"],"isActive":true},{"id":42,"username":"TestDouble2","email":"testdouble@gmail.com","jabatan":"STAFF","divisionId":1,"roles":["ADMIN","PURCHASING","QUALITY","SUPPLIER"],"isActive":true,"divisionName":"divisi test"},{"id":44,"username":"TestIdDivision","email":"testid@gmail.com","jabatan":"MANAGER","divisionId":1,"roles":["ADMIN"],"isActive":true,"divisionName":"divisi test"},{"id":45,"username":"TestJabatan","email":"testt@gmail.com","jabatan":"MANAGER","divisionId":1,"roles":["ADMIN"],"isActive":true,"divisionName":"divisi test"},{"id":46,"username":"Test2023","email":"testt@gmail.com","jabatan":"MANAGER","divisionId":1,"roles":["ADMIN","PURCHASING","QUALITY","SUPPLIER"],"isActive":true,"divisionName":"divisi test"},{"id":43,"username":"TestDouble1","email":"testdouble@gmail.com","jabatan":"MANAGER","divisionId":1,"roles":["ADMIN"],"isActive":false,"divisionName":"divisi test"},{"id":49,"username":"testhapus","email":"testhapus@gmail.com","divisionId":1,"roles":["PURCHASING"],"isActive":false,"divisionName":"divisi test"},{"id":47,"username":"Test2032","email":"testt@gmail.com","jabatan":"MANAGER","divisionId":1,"roles":["PURCHASING","ADMIN"],"isActive":true,"divisionName":"divisi test"},{"id":48,"username":"Test2037","email":"testt@gmail.com","divisionId":1,"roles":["ADMIN"],"isActive":true,"divisionName":"divisi test"},{"id":23,"username":"testilyas","email":"testilyas@gmail.com","divisionId":1,"roles":["ADMIN","USER"],"isActive":true,"divisionName":"divisi test"},{"id":58,"username":"Integrate4","email":"testt@gmail.com","jabatan":"MANAGER","divisionId":2,"roles":["ADMIN"],"isActive":true,"divisionName":"division1 edited1"},{"id":59,"username":"Integrate5","email":"testt@gmail.com","jabatan":"MANAGER","divisionId":2,"roles":["ADMIN"],"isActive":true,"divisionName":"division1 edited1"},{"id":39,"username":"AdminTest1","email":"admintest1@gmail.com","roles":["ADMIN"],"isActive":true},{"id":60,"username":"fiqin","email":"fiqin@gmail.com","jabatan":"GENERAL MANAGER","divisionId":1,"roles":["ADMIN"],"isActive":true,"divisionName":"divisi test"}],"totalData":47}
]]></system-out>
  </testcase>
</testsuite>